  main.cpp
c:\users\kikid\desktop\cour\c c++\c++\projet-mario\main.cpp(68): warning C4067: jetons inattendus après la directive du préprocesseur - saut de ligne attendu
c:\users\kikid\desktop\cour\c c++\c++\projet-mario\jeu.cpp(7): warning C4244: 'argument' : conversion de 'int' en 'float', perte possible de données
c:\users\kikid\desktop\cour\c c++\c++\projet-mario\jeu.cpp(14): warning C4244: 'argument' : conversion de 'int' en 'float', perte possible de données
c:\users\kikid\desktop\cour\c c++\c++\projet-mario\jeu.cpp(21): warning C4244: 'argument' : conversion de 'int' en 'float', perte possible de données
c:\users\kikid\desktop\cour\c c++\c++\projet-mario\jeu.cpp(28): warning C4244: 'argument' : conversion de 'int' en 'float', perte possible de données
c:\users\kikid\desktop\cour\c c++\c++\projet-mario\jeu.cpp(35): warning C4244: 'argument' : conversion de 'int' en 'float', perte possible de données
c:\users\kikid\desktop\cour\c c++\c++\projet-mario\jeu.cpp(42): warning C4244: 'argument' : conversion de 'int' en 'float', perte possible de données
c:\users\kikid\desktop\cour\c c++\c++\projet-mario\jeu.cpp(49): warning C4244: 'argument' : conversion de 'int' en 'float', perte possible de données
c:\users\kikid\desktop\cour\c c++\c++\projet-mario\jeu.cpp(56): warning C4244: 'argument' : conversion de 'int' en 'float', perte possible de données
c:\users\kikid\desktop\cour\c c++\c++\projet-mario\jeu.cpp(68): warning C4244: 'argument' : conversion de 'int' en 'T', perte possible de données
          with
          [
              T=float
          ]
c:\users\kikid\desktop\cour\c c++\c++\projet-mario\jeu.cpp(72): warning C4244: 'argument' : conversion de 'int' en 'T', perte possible de données
          with
          [
              T=float
          ]
c:\users\kikid\desktop\cour\c c++\c++\projet-mario\jeu.cpp(81): warning C4244: 'argument' : conversion de 'int' en 'float', perte possible de données
c:\users\kikid\desktop\cour\c c++\c++\projet-mario\jeu.cpp(84): warning C4244: 'argument' : conversion de 'int' en 'float', perte possible de données
c:\users\kikid\desktop\cour\c c++\c++\projet-mario\jeu.cpp(87): warning C4244: 'argument' : conversion de 'int' en 'float', perte possible de données
c:\users\kikid\desktop\cour\c c++\c++\projet-mario\jeu.cpp(90): warning C4244: 'argument' : conversion de 'int' en 'float', perte possible de données
c:\users\kikid\desktop\cour\c c++\c++\projet-mario\main.cpp(73): warning C4067: jetons inattendus après la directive du préprocesseur - saut de ligne attendu
  Génération de code en cours
  1 of 66 functions ( 1.5%) were compiled, the rest were copied from previous compilation.
    0 functions were new in current compilation
    0 functions had inline decision re-evaluated but remain unchanged
  Fin de la génération du code
  TemplateSFML.vcxproj -> C:\Users\kikid\Desktop\cour\c c++\C++\Projet-Mario\x64\Release\TemplateSFML.exe
