c:\users\kikid\desktop\cour\c c++\c++\test mario\x64\debug\vc141.pdb
c:\users\kikid\desktop\cour\c c++\c++\test mario\x64\debug\vc141.idb
c:\users\kikid\desktop\cour\c c++\c++\test mario\x64\debug\main.obj
c:\users\kikid\desktop\cour\c c++\c++\projet-mario\x64\debug\vc141.pdb
c:\users\kikid\desktop\cour\c c++\c++\projet-mario\x64\debug\vc141.idb
c:\users\kikid\desktop\cour\c c++\c++\projet-mario\x64\debug\main.obj
c:\users\kikid\desktop\cour\c c++\c++\test mario\x64\debug\templatesfml.exe
c:\users\kikid\desktop\cour\c c++\c++\test mario\x64\debug\templatesfml.ilk
c:\users\kikid\desktop\cour\c c++\c++\test mario\x64\debug\templatesfml.pdb
c:\users\kikid\desktop\cour\c c++\c++\projet-mario\x64\debug\templatesfml.exe
c:\users\kikid\desktop\cour\c c++\c++\projet-mario\x64\debug\templatesfml.ilk
c:\users\kikid\desktop\cour\c c++\c++\projet-mario\x64\debug\templatesfml.pdb
c:\users\kikid\desktop\cour\c c++\c++\projet-mario\x64\debug\test.obj
c:\users\kikid\desktop\cour\c c++\c++\projet-mario\x64\debug\vc142.idb
c:\users\kikid\desktop\cour\c c++\c++\projet-mario\x64\debug\vc142.pdb
c:\users\kikid\desktop\cour\c c++\c++\projet-mario\x64\debug\templatesfml.tlog\cl.command.1.tlog
c:\users\kikid\desktop\cour\c c++\c++\projet-mario\x64\debug\templatesfml.tlog\cl.read.1.tlog
c:\users\kikid\desktop\cour\c c++\c++\projet-mario\x64\debug\templatesfml.tlog\cl.write.1.tlog
c:\users\kikid\desktop\cour\c c++\c++\projet-mario\x64\debug\templatesfml.tlog\link.command.1.tlog
c:\users\kikid\desktop\cour\c c++\c++\projet-mario\x64\debug\templatesfml.tlog\link.read.1.tlog
c:\users\kikid\desktop\cour\c c++\c++\projet-mario\x64\debug\templatesfml.tlog\link.write.1.tlog
